<?xml version="1.0" encoding="UTF-8"?>
<!-- Generated by org.testng.reporters.JUnitReportReporter -->
<testsuite hostname="MSI" failures="0" tests="1" name="firstPack.DemoTwoTest" time="3.747" errors="0" timestamp="2023-05-05T08:35:34 IST" skipped="0">
  <testcase classname="firstPack.DemoTwoTest" name="testOne" time="3.747"/>
  <system-out/>
</testsuite> <!-- firstPack.DemoTwoTest -->
