<?xml version="1.0" encoding="UTF-8"?>
<!-- Generated by org.testng.reporters.JUnitReportReporter -->
<testsuite hostname="MSI" failures="0" tests="2" name="tests.LoginTest" time="21.590" errors="0" timestamp="2023-05-05T08:36:50 IST" skipped="0">
  <testcase classname="tests.LoginTest" name="login" time="5.283"/>
  <system-out/>
  <testcase classname="tests.LoginTest" name="login" time="16.307"/>
  <system-out/>
</testsuite> <!-- tests.LoginTest -->
