<?xml version="1.0" encoding="UTF-8"?>
<!-- Generated by org.testng.reporters.JUnitReportReporter -->
<testsuite hostname="MSI" failures="0" tests="1" name="firstPack.DemoOneTest" time="2.717" errors="0" timestamp="2023-05-05T08:36:50 IST" skipped="0">
  <testcase classname="firstPack.DemoOneTest" name="testOne" time="2.717"/>
  <system-out/>
</testsuite> <!-- firstPack.DemoOneTest -->
